<?xml version="1.0" encoding="UTF-8"?>
<testsuite name="org.study.community.web.ProfileControllerUnitTest" tests="3" skipped="0" failures="0" errors="0" timestamp="2021-05-19T18:39:15" hostname="Lucy" time="0.049">
  <properties/>
  <testcase name="active_profile이_없으면_default가_조회된다" classname="org.study.community.web.ProfileControllerUnitTest" time="0.04"/>
  <testcase name="real_profile이_없으면_첫번째가_조회된다" classname="org.study.community.web.ProfileControllerUnitTest" time="0.002"/>
  <testcase name="real_profile이_조회된다" classname="org.study.community.web.ProfileControllerUnitTest" time="0.002"/>
  <system-out><![CDATA[]]></system-out>
  <system-err><![CDATA[]]></system-err>
</testsuite>
