<?xml version="1.0" encoding="UTF-8"?>
<testsuite name="org.study.community.domain.posts.PostsRepositoryTest" tests="2" skipped="0" failures="0" errors="0" timestamp="2021-05-19T18:39:12" hostname="Lucy" time="0.36">
  <properties/>
  <testcase name="게시글저장_불러오기" classname="org.study.community.domain.posts.PostsRepositoryTest" time="0.323"/>
  <testcase name="BaseTimeEntity_등록" classname="org.study.community.domain.posts.PostsRepositoryTest" time="0.028"/>
  <system-out><![CDATA[2021-05-20 03:39:07.222  INFO 16360 --- [    Test worker] .b.t.c.SpringBootTestContextBootstrapper : Neither @ContextConfiguration nor @ContextHierarchy found for test class [org.study.community.domain.posts.PostsRepositoryTest], using SpringBootContextLoader
2021-05-20 03:39:07.227  INFO 16360 --- [    Test worker] o.s.t.c.support.AbstractContextLoader    : Could not detect default resource locations for test class [org.study.community.domain.posts.PostsRepositoryTest]: no resource found for suffixes {-context.xml, Context.groovy}.
2021-05-20 03:39:07.228  INFO 16360 --- [    Test worker] t.c.s.AnnotationConfigContextLoaderUtils : Could not detect default configuration classes for test class [org.study.community.domain.posts.PostsRepositoryTest]: PostsRepositoryTest does not declare any static, non-private, non-final, nested classes annotated with @Configuration.
2021-05-20 03:39:07.254  INFO 16360 --- [    Test worker] .b.t.c.SpringBootTestContextBootstrapper : Found @SpringBootConfiguration org.study.community.Application for test class org.study.community.domain.posts.PostsRepositoryTest
2021-05-20 03:39:07.258  INFO 16360 --- [    Test worker] .b.t.c.SpringBootTestContextBootstrapper : Loaded default TestExecutionListener class names from location [META-INF/spring.factories]: [org.springframework.security.test.context.support.WithSecurityContextTestExecutionListener, org.springframework.security.test.context.support.ReactorContextTestExecutionListener, org.springframework.boot.test.autoconfigure.restdocs.RestDocsTestExecutionListener, org.springframework.boot.test.autoconfigure.web.client.MockRestServiceServerResetTestExecutionListener, org.springframework.boot.test.autoconfigure.web.servlet.MockMvcPrintOnlyOnFailureTestExecutionListener, org.springframework.boot.test.autoconfigure.web.servlet.WebDriverTestExecutionListener, org.springframework.boot.test.mock.mockito.MockitoTestExecutionListener, org.springframework.boot.test.mock.mockito.ResetMocksTestExecutionListener, org.springframework.test.context.web.ServletTestExecutionListener, org.springframework.test.context.support.DirtiesContextBeforeModesTestExecutionListener, org.springframework.test.context.support.DependencyInjectionTestExecutionListener, org.springframework.test.context.support.DirtiesContextTestExecutionListener, org.springframework.test.context.transaction.TransactionalTestExecutionListener, org.springframework.test.context.jdbc.SqlScriptsTestExecutionListener]
2021-05-20 03:39:07.261  INFO 16360 --- [    Test worker] .b.t.c.SpringBootTestContextBootstrapper : Using TestExecutionListeners: [org.springframework.test.context.web.ServletTestExecutionListener@44fbb8f6, org.springframework.test.context.support.DirtiesContextBeforeModesTestExecutionListener@54df42aa, org.springframework.boot.test.mock.mockito.MockitoTestExecutionListener@1c7b6a5a, org.springframework.boot.test.autoconfigure.SpringBootDependencyInjectionTestExecutionListener@1e9407c9, org.springframework.test.context.support.DirtiesContextTestExecutionListener@7b130e5, org.springframework.test.context.transaction.TransactionalTestExecutionListener@29d5e8ab, org.springframework.test.context.jdbc.SqlScriptsTestExecutionListener@6e3b6e71, org.springframework.security.test.context.support.WithSecurityContextTestExecutionListener@502f8630, org.springframework.security.test.context.support.ReactorContextTestExecutionListener@5e97b2c8, org.springframework.boot.test.autoconfigure.restdocs.RestDocsTestExecutionListener@58019901, org.springframework.boot.test.autoconfigure.web.client.MockRestServiceServerResetTestExecutionListener@6dfc3c96, org.springframework.boot.test.autoconfigure.web.servlet.MockMvcPrintOnlyOnFailureTestExecutionListener@414e391f, org.springframework.boot.test.autoconfigure.web.servlet.WebDriverTestExecutionListener@22acc20c, org.springframework.boot.test.mock.mockito.ResetMocksTestExecutionListener@76318ec9]

  .   ____          _            __ _ _
 /\\ / ___'_ __ _ _(_)_ __  __ _ \ \ \ \
( ( )\___ | '_ | '_| | '_ \/ _` | \ \ \ \
 \\/  ___)| |_)| | | | | || (_| |  ) ) ) )
  '  |____| .__|_| |_|_| |_\__, | / / / /
 =========|_|==============|___/=/_/_/_/
 :: Spring Boot ::        (v2.1.7.RELEASE)

2021-05-20 03:39:07.378  INFO 16360 --- [    Test worker] o.s.c.domain.posts.PostsRepositoryTest   : Starting PostsRepositoryTest on Lucy with PID 16360 (started by bpuuq in C:\Users\bpuuq\IdeaProjects\online-community)
2021-05-20 03:39:07.380  INFO 16360 --- [    Test worker] o.s.c.domain.posts.PostsRepositoryTest   : No active profile set, falling back to default profiles: default
2021-05-20 03:39:08.104  INFO 16360 --- [    Test worker] .s.d.r.c.RepositoryConfigurationDelegate : Bootstrapping Spring Data repositories in DEFAULT mode.
2021-05-20 03:39:08.175  INFO 16360 --- [    Test worker] .s.d.r.c.RepositoryConfigurationDelegate : Finished Spring Data repository scanning in 71ms. Found 2 repository interfaces.
2021-05-20 03:39:08.449  INFO 16360 --- [    Test worker] trationDelegate$BeanPostProcessorChecker : Bean 'org.springframework.transaction.annotation.ProxyTransactionManagementConfiguration' of type [org.springframework.transaction.annotation.ProxyTransactionManagementConfiguration$$EnhancerBySpringCGLIB$$c8530560] is not eligible for getting processed by all BeanPostProcessors (for example: not eligible for auto-proxying)
2021-05-20 03:39:08.674  INFO 16360 --- [    Test worker] com.zaxxer.hikari.HikariDataSource       : HikariPool-2 - Starting...
2021-05-20 03:39:08.677  INFO 16360 --- [    Test worker] com.zaxxer.hikari.HikariDataSource       : HikariPool-2 - Start completed.
2021-05-20 03:39:08.753  INFO 16360 --- [    Test worker] o.hibernate.jpa.internal.util.LogHelper  : HHH000204: Processing PersistenceUnitInfo [
	name: default
	...]
2021-05-20 03:39:08.789  INFO 16360 --- [    Test worker] org.hibernate.dialect.Dialect            : HHH000400: Using dialect: org.hibernate.dialect.MySQL5InnoDBDialect
Hibernate: drop table if exists posts
Hibernate: drop table if exists user
Hibernate: create table posts (id bigint not null auto_increment, created_date datetime, modified_date datetime, author varchar(255), content TEXT not null, title varchar(500) not null, primary key (id)) engine=InnoDB
Hibernate: create table user (id bigint not null auto_increment, created_date datetime, modified_date datetime, email varchar(255) not null, name varchar(255) not null, picture varchar(255), role varchar(255) not null, primary key (id)) engine=InnoDB
2021-05-20 03:39:08.906  INFO 16360 --- [    Test worker] o.h.t.schema.internal.SchemaCreatorImpl  : HHH000476: Executing import script 'org.hibernate.tool.schema.internal.exec.ScriptSourceInputNonExistentImpl@77455ef9'
2021-05-20 03:39:08.907  INFO 16360 --- [    Test worker] j.LocalContainerEntityManagerFactoryBean : Initialized JPA EntityManagerFactory for persistence unit 'default'
2021-05-20 03:39:09.400  INFO 16360 --- [    Test worker] o.h.h.i.QueryTranslatorFactoryInitiator  : HHH000397: Using ASTQueryTranslatorFactory
2021-05-20 03:39:09.867  INFO 16360 --- [    Test worker] o.s.s.web.DefaultSecurityFilterChain     : Creating filter chain: any request, [org.springframework.security.web.context.request.async.WebAsyncManagerIntegrationFilter@480d56a2, org.springframework.security.web.context.SecurityContextPersistenceFilter@61c5d169, org.springframework.security.web.header.HeaderWriterFilter@5e6b38b4, org.springframework.security.web.authentication.logout.LogoutFilter@52c9c644, org.springframework.security.oauth2.client.web.OAuth2AuthorizationRequestRedirectFilter@1330ee55, org.springframework.security.oauth2.client.web.OAuth2LoginAuthenticationFilter@595d0b3e, org.springframework.security.web.authentication.ui.DefaultLoginPageGeneratingFilter@1dc8120d, org.springframework.security.web.authentication.ui.DefaultLogoutPageGeneratingFilter@cb38cf, org.springframework.security.web.savedrequest.RequestCacheAwareFilter@277607bc, org.springframework.security.web.servletapi.SecurityContextHolderAwareRequestFilter@20df357e, org.springframework.security.web.authentication.AnonymousAuthenticationFilter@141d2cc5, org.springframework.security.web.session.SessionManagementFilter@35210161, org.springframework.security.web.access.ExceptionTranslationFilter@1f0b3fc2, org.springframework.security.web.access.intercept.FilterSecurityInterceptor@7a064105]
2021-05-20 03:39:10.705  INFO 16360 --- [    Test worker] o.s.s.concurrent.ThreadPoolTaskExecutor  : Initializing ExecutorService 'applicationTaskExecutor'
2021-05-20 03:39:10.748  WARN 16360 --- [    Test worker] aWebConfiguration$JpaWebMvcConfiguration : spring.jpa.open-in-view is enabled by default. Therefore, database queries may be performed during view rendering. Explicitly configure spring.jpa.open-in-view to disable this warning
2021-05-20 03:39:10.846  INFO 16360 --- [    Test worker] o.s.b.a.w.s.WelcomePageHandlerMapping    : Adding welcome page template: index
2021-05-20 03:39:12.072  INFO 16360 --- [    Test worker] s.a.ScheduledAnnotationBeanPostProcessor : No TaskScheduler/ScheduledExecutorService bean found for scheduled processing
2021-05-20 03:39:12.079  INFO 16360 --- [    Test worker] o.s.c.domain.posts.PostsRepositoryTest   : Started PostsRepositoryTest in 4.804 seconds (JVM running for 25.757)
Hibernate: insert into posts (created_date, modified_date, author, content, title) values (?, ?, ?, ?, ?)
Hibernate: select posts0_.id as id1_0_, posts0_.created_date as created_2_0_, posts0_.modified_date as modified3_0_, posts0_.author as author4_0_, posts0_.content as content5_0_, posts0_.title as title6_0_ from posts posts0_
Hibernate: select posts0_.id as id1_0_, posts0_.created_date as created_2_0_, posts0_.modified_date as modified3_0_, posts0_.author as author4_0_, posts0_.content as content5_0_, posts0_.title as title6_0_ from posts posts0_
Hibernate: delete from posts where id=?
Hibernate: insert into posts (created_date, modified_date, author, content, title) values (?, ?, ?, ?, ?)
Hibernate: select posts0_.id as id1_0_, posts0_.created_date as created_2_0_, posts0_.modified_date as modified3_0_, posts0_.author as author4_0_, posts0_.content as content5_0_, posts0_.title as title6_0_ from posts posts0_
>>>>>>>>>>> createDate=2021-05-20T03:39:12.447, modifiedDate=2021-05-20T03:39:12.447
Hibernate: select posts0_.id as id1_0_, posts0_.created_date as created_2_0_, posts0_.modified_date as modified3_0_, posts0_.author as author4_0_, posts0_.content as content5_0_, posts0_.title as title6_0_ from posts posts0_
Hibernate: delete from posts where id=?
]]></system-out>
  <system-err><![CDATA[]]></system-err>
</testsuite>
