<?xml version="1.0" encoding="UTF-8"?>
<testsuite name="org.study.community.domain.posts.PostsRepositoryTest" tests="2" skipped="0" failures="0" errors="0" timestamp="2021-05-21T14:16:11" hostname="Lucy" time="0.685">
  <properties/>
  <testcase name="게시글저장_불러오기" classname="org.study.community.domain.posts.PostsRepositoryTest" time="0.666"/>
  <testcase name="BaseTimeEntity_등록" classname="org.study.community.domain.posts.PostsRepositoryTest" time="0.019"/>
  <system-out><![CDATA[23:15:54.709 [Test worker] DEBUG org.springframework.test.context.junit4.SpringJUnit4ClassRunner - SpringJUnit4ClassRunner constructor called with [class org.study.community.domain.posts.PostsRepositoryTest]
23:15:54.723 [Test worker] DEBUG org.springframework.test.context.BootstrapUtils - Instantiating CacheAwareContextLoaderDelegate from class [org.springframework.test.context.cache.DefaultCacheAwareContextLoaderDelegate]
23:15:54.744 [Test worker] DEBUG org.springframework.test.context.BootstrapUtils - Instantiating BootstrapContext using constructor [public org.springframework.test.context.support.DefaultBootstrapContext(java.lang.Class,org.springframework.test.context.CacheAwareContextLoaderDelegate)]
23:15:54.789 [Test worker] DEBUG org.springframework.test.context.BootstrapUtils - Instantiating TestContextBootstrapper for test class [org.study.community.domain.posts.PostsRepositoryTest] from class [org.springframework.boot.test.context.SpringBootTestContextBootstrapper]
23:15:54.826 [Test worker] INFO org.springframework.boot.test.context.SpringBootTestContextBootstrapper - Neither @ContextConfiguration nor @ContextHierarchy found for test class [org.study.community.domain.posts.PostsRepositoryTest], using SpringBootContextLoader
23:15:54.833 [Test worker] DEBUG org.springframework.test.context.support.AbstractContextLoader - Did not detect default resource location for test class [org.study.community.domain.posts.PostsRepositoryTest]: class path resource [org/study/community/domain/posts/PostsRepositoryTest-context.xml] does not exist
23:15:54.834 [Test worker] DEBUG org.springframework.test.context.support.AbstractContextLoader - Did not detect default resource location for test class [org.study.community.domain.posts.PostsRepositoryTest]: class path resource [org/study/community/domain/posts/PostsRepositoryTestContext.groovy] does not exist
23:15:54.835 [Test worker] INFO org.springframework.test.context.support.AbstractContextLoader - Could not detect default resource locations for test class [org.study.community.domain.posts.PostsRepositoryTest]: no resource found for suffixes {-context.xml, Context.groovy}.
23:15:54.836 [Test worker] INFO org.springframework.test.context.support.AnnotationConfigContextLoaderUtils - Could not detect default configuration classes for test class [org.study.community.domain.posts.PostsRepositoryTest]: PostsRepositoryTest does not declare any static, non-private, non-final, nested classes annotated with @Configuration.
23:15:54.937 [Test worker] DEBUG org.springframework.test.context.support.ActiveProfilesUtils - Could not find an 'annotation declaring class' for annotation type [org.springframework.test.context.ActiveProfiles] and class [org.study.community.domain.posts.PostsRepositoryTest]
23:15:55.131 [Test worker] DEBUG org.springframework.context.annotation.ClassPathScanningCandidateComponentProvider - Identified candidate component class: file [C:\Users\bpuuq\IdeaProjects\online-community\build\classes\java\main\org\study\community\Application.class]
23:15:55.134 [Test worker] INFO org.springframework.boot.test.context.SpringBootTestContextBootstrapper - Found @SpringBootConfiguration org.study.community.Application for test class org.study.community.domain.posts.PostsRepositoryTest
23:15:55.435 [Test worker] DEBUG org.springframework.boot.test.context.SpringBootTestContextBootstrapper - @TestExecutionListeners is not present for class [org.study.community.domain.posts.PostsRepositoryTest]: using defaults.
23:15:55.436 [Test worker] INFO org.springframework.boot.test.context.SpringBootTestContextBootstrapper - Loaded default TestExecutionListener class names from location [META-INF/spring.factories]: [org.springframework.security.test.context.support.WithSecurityContextTestExecutionListener, org.springframework.security.test.context.support.ReactorContextTestExecutionListener, org.springframework.boot.test.autoconfigure.restdocs.RestDocsTestExecutionListener, org.springframework.boot.test.autoconfigure.web.client.MockRestServiceServerResetTestExecutionListener, org.springframework.boot.test.autoconfigure.web.servlet.MockMvcPrintOnlyOnFailureTestExecutionListener, org.springframework.boot.test.autoconfigure.web.servlet.WebDriverTestExecutionListener, org.springframework.boot.test.mock.mockito.MockitoTestExecutionListener, org.springframework.boot.test.mock.mockito.ResetMocksTestExecutionListener, org.springframework.test.context.web.ServletTestExecutionListener, org.springframework.test.context.support.DirtiesContextBeforeModesTestExecutionListener, org.springframework.test.context.support.DependencyInjectionTestExecutionListener, org.springframework.test.context.support.DirtiesContextTestExecutionListener, org.springframework.test.context.transaction.TransactionalTestExecutionListener, org.springframework.test.context.jdbc.SqlScriptsTestExecutionListener]
23:15:55.491 [Test worker] INFO org.springframework.boot.test.context.SpringBootTestContextBootstrapper - Using TestExecutionListeners: [org.springframework.test.context.web.ServletTestExecutionListener@1e03694c, org.springframework.test.context.support.DirtiesContextBeforeModesTestExecutionListener@21a64fa0, org.springframework.boot.test.mock.mockito.MockitoTestExecutionListener@6cd0f7c0, org.springframework.boot.test.autoconfigure.SpringBootDependencyInjectionTestExecutionListener@93467eb, org.springframework.test.context.support.DirtiesContextTestExecutionListener@cf82688, org.springframework.test.context.transaction.TransactionalTestExecutionListener@1fb0a3f8, org.springframework.test.context.jdbc.SqlScriptsTestExecutionListener@74b53939, org.springframework.security.test.context.support.WithSecurityContextTestExecutionListener@5e14037b, org.springframework.security.test.context.support.ReactorContextTestExecutionListener@1395b257, org.springframework.boot.test.autoconfigure.restdocs.RestDocsTestExecutionListener@9a06cbe, org.springframework.boot.test.autoconfigure.web.client.MockRestServiceServerResetTestExecutionListener@5401e042, org.springframework.boot.test.autoconfigure.web.servlet.MockMvcPrintOnlyOnFailureTestExecutionListener@2a702e62, org.springframework.boot.test.autoconfigure.web.servlet.WebDriverTestExecutionListener@14493671, org.springframework.boot.test.mock.mockito.ResetMocksTestExecutionListener@1e867dda]
23:15:55.498 [Test worker] DEBUG org.springframework.test.annotation.ProfileValueUtils - Retrieved @ProfileValueSourceConfiguration [null] for test class [org.study.community.domain.posts.PostsRepositoryTest]
23:15:55.500 [Test worker] DEBUG org.springframework.test.annotation.ProfileValueUtils - Retrieved ProfileValueSource type [class org.springframework.test.annotation.SystemProfileValueSource] for class [org.study.community.domain.posts.PostsRepositoryTest]
23:15:55.503 [Test worker] DEBUG org.springframework.test.annotation.ProfileValueUtils - Retrieved @ProfileValueSourceConfiguration [null] for test class [org.study.community.domain.posts.PostsRepositoryTest]
23:15:55.503 [Test worker] DEBUG org.springframework.test.annotation.ProfileValueUtils - Retrieved ProfileValueSource type [class org.springframework.test.annotation.SystemProfileValueSource] for class [org.study.community.domain.posts.PostsRepositoryTest]
23:15:55.514 [Test worker] DEBUG org.springframework.test.context.support.AbstractDirtiesContextTestExecutionListener - Before test class: context [DefaultTestContext@14a802b testClass = PostsRepositoryTest, testInstance = [null], testMethod = [null], testException = [null], mergedContextConfiguration = [WebMergedContextConfiguration@97da361 testClass = PostsRepositoryTest, locations = '{}', classes = '{class org.study.community.Application}', contextInitializerClasses = '[]', activeProfiles = '{}', propertySourceLocations = '{}', propertySourceProperties = '{org.springframework.boot.test.context.SpringBootTestContextBootstrapper=true}', contextCustomizers = set[org.springframework.boot.test.autoconfigure.properties.PropertyMappingContextCustomizer@0, org.springframework.boot.test.autoconfigure.web.servlet.WebDriverContextCustomizerFactory$Customizer@7ae2de2, org.springframework.boot.test.context.filter.ExcludeFilterContextCustomizer@7516779b, org.springframework.boot.test.json.DuplicateJsonObjectContextCustomizerFactory$DuplicateJsonObjectContextCustomizer@3f160d96, org.springframework.boot.test.mock.mockito.MockitoContextCustomizer@0, org.springframework.boot.test.web.client.TestRestTemplateContextCustomizer@4bf3fd70], resourceBasePath = 'src/main/webapp', contextLoader = 'org.springframework.boot.test.context.SpringBootContextLoader', parent = [null]], attributes = map['org.springframework.test.context.web.ServletTestExecutionListener.activateListener' -> true]], class annotated with @DirtiesContext [false] with mode [null].
23:15:55.516 [Test worker] DEBUG org.springframework.test.annotation.ProfileValueUtils - Retrieved @ProfileValueSourceConfiguration [null] for test class [org.study.community.domain.posts.PostsRepositoryTest]
23:15:55.516 [Test worker] DEBUG org.springframework.test.annotation.ProfileValueUtils - Retrieved ProfileValueSource type [class org.springframework.test.annotation.SystemProfileValueSource] for class [org.study.community.domain.posts.PostsRepositoryTest]
23:15:55.569 [Test worker] DEBUG org.springframework.test.context.support.TestPropertySourceUtils - Adding inlined properties to environment: {spring.jmx.enabled=false, org.springframework.boot.test.context.SpringBootTestContextBootstrapper=true, server.port=-1}

  .   ____          _            __ _ _
 /\\ / ___'_ __ _ _(_)_ __  __ _ \ \ \ \
( ( )\___ | '_ | '_| | '_ \/ _` | \ \ \ \
 \\/  ___)| |_)| | | | | || (_| |  ) ) ) )
  '  |____| .__|_| |_|_| |_\__, | / / / /
 =========|_|==============|___/=/_/_/_/
 :: Spring Boot ::        (v2.1.7.RELEASE)

2021-05-21 23:15:56.257  INFO 14828 --- [    Test worker] o.s.c.domain.posts.PostsRepositoryTest   : Starting PostsRepositoryTest on Lucy with PID 14828 (started by bpuuq in C:\Users\bpuuq\IdeaProjects\online-community)
2021-05-21 23:15:56.260  INFO 14828 --- [    Test worker] o.s.c.domain.posts.PostsRepositoryTest   : No active profile set, falling back to default profiles: default
2021-05-21 23:15:58.674  INFO 14828 --- [    Test worker] .s.d.r.c.RepositoryConfigurationDelegate : Bootstrapping Spring Data repositories in DEFAULT mode.
2021-05-21 23:15:58.897  INFO 14828 --- [    Test worker] .s.d.r.c.RepositoryConfigurationDelegate : Finished Spring Data repository scanning in 205ms. Found 2 repository interfaces.
2021-05-21 23:16:00.030  INFO 14828 --- [    Test worker] trationDelegate$BeanPostProcessorChecker : Bean 'org.springframework.transaction.annotation.ProxyTransactionManagementConfiguration' of type [org.springframework.transaction.annotation.ProxyTransactionManagementConfiguration$$EnhancerBySpringCGLIB$$e1f0c8a9] is not eligible for getting processed by all BeanPostProcessors (for example: not eligible for auto-proxying)
2021-05-21 23:16:00.687  INFO 14828 --- [    Test worker] com.zaxxer.hikari.HikariDataSource       : HikariPool-1 - Starting...
2021-05-21 23:16:01.065  INFO 14828 --- [    Test worker] com.zaxxer.hikari.HikariDataSource       : HikariPool-1 - Start completed.
2021-05-21 23:16:01.311  INFO 14828 --- [    Test worker] o.hibernate.jpa.internal.util.LogHelper  : HHH000204: Processing PersistenceUnitInfo [
	name: default
	...]
2021-05-21 23:16:01.532  INFO 14828 --- [    Test worker] org.hibernate.Version                    : HHH000412: Hibernate Core {5.3.10.Final}
2021-05-21 23:16:01.538  INFO 14828 --- [    Test worker] org.hibernate.cfg.Environment            : HHH000206: hibernate.properties not found
2021-05-21 23:16:02.100  INFO 14828 --- [    Test worker] o.hibernate.annotations.common.Version   : HCANN000001: Hibernate Commons Annotations {5.0.4.Final}
2021-05-21 23:16:02.591  INFO 14828 --- [    Test worker] org.hibernate.dialect.Dialect            : HHH000400: Using dialect: org.hibernate.dialect.MySQL5InnoDBDialect
Hibernate: drop table if exists posts
Hibernate: drop table if exists user
Hibernate: create table posts (id bigint not null auto_increment, created_date datetime, modified_date datetime, author varchar(10) not null, content TEXT not null, title varchar(500) not null, writer_id bigint, primary key (id)) engine=InnoDB
Hibernate: create table user (id bigint not null auto_increment, created_date datetime, modified_date datetime, email varchar(255) not null, name varchar(255) not null, picture varchar(255), role varchar(255) not null, primary key (id)) engine=InnoDB
2021-05-21 23:16:04.447  INFO 14828 --- [    Test worker] o.h.t.schema.internal.SchemaCreatorImpl  : HHH000476: Executing import script 'org.hibernate.tool.schema.internal.exec.ScriptSourceInputNonExistentImpl@19c55249'
2021-05-21 23:16:04.458  INFO 14828 --- [    Test worker] j.LocalContainerEntityManagerFactoryBean : Initialized JPA EntityManagerFactory for persistence unit 'default'
2021-05-21 23:16:05.994  INFO 14828 --- [    Test worker] o.h.h.i.QueryTranslatorFactoryInitiator  : HHH000397: Using ASTQueryTranslatorFactory
2021-05-21 23:16:07.803  INFO 14828 --- [    Test worker] o.s.s.web.DefaultSecurityFilterChain     : Creating filter chain: any request, [org.springframework.security.web.context.request.async.WebAsyncManagerIntegrationFilter@537774ec, org.springframework.security.web.context.SecurityContextPersistenceFilter@5bbd0092, org.springframework.security.web.header.HeaderWriterFilter@74ac558f, org.springframework.security.web.authentication.logout.LogoutFilter@73b7a0a8, org.springframework.security.oauth2.client.web.OAuth2AuthorizationRequestRedirectFilter@338032e8, org.springframework.security.oauth2.client.web.OAuth2LoginAuthenticationFilter@6e3e3fb9, org.springframework.security.web.authentication.ui.DefaultLoginPageGeneratingFilter@50dd2f0d, org.springframework.security.web.authentication.ui.DefaultLogoutPageGeneratingFilter@cb81718, org.springframework.security.web.savedrequest.RequestCacheAwareFilter@4c51593f, org.springframework.security.web.servletapi.SecurityContextHolderAwareRequestFilter@41f702e0, org.springframework.security.web.authentication.AnonymousAuthenticationFilter@4a201e4, org.springframework.security.web.session.SessionManagementFilter@1d0c0dec, org.springframework.security.web.access.ExceptionTranslationFilter@6424594a, org.springframework.security.web.access.intercept.FilterSecurityInterceptor@4cbc089e]
2021-05-21 23:16:09.793  INFO 14828 --- [    Test worker] o.s.s.concurrent.ThreadPoolTaskExecutor  : Initializing ExecutorService 'applicationTaskExecutor'
2021-05-21 23:16:09.935  WARN 14828 --- [    Test worker] aWebConfiguration$JpaWebMvcConfiguration : spring.jpa.open-in-view is enabled by default. Therefore, database queries may be performed during view rendering. Explicitly configure spring.jpa.open-in-view to disable this warning
2021-05-21 23:16:10.100  INFO 14828 --- [    Test worker] o.s.b.a.w.s.WelcomePageHandlerMapping    : Adding welcome page template: index
2021-05-21 23:16:11.557  INFO 14828 --- [    Test worker] s.a.ScheduledAnnotationBeanPostProcessor : No TaskScheduler/ScheduledExecutorService bean found for scheduled processing
2021-05-21 23:16:11.585  INFO 14828 --- [    Test worker] o.s.c.domain.posts.PostsRepositoryTest   : Started PostsRepositoryTest in 15.997 seconds (JVM running for 18.908)
Hibernate: insert into posts (created_date, modified_date, author, content, title, writer_id) values (?, ?, ?, ?, ?, ?)
Hibernate: select posts0_.id as id1_0_, posts0_.created_date as created_2_0_, posts0_.modified_date as modified3_0_, posts0_.author as author4_0_, posts0_.content as content5_0_, posts0_.title as title6_0_, posts0_.writer_id as writer_i7_0_ from posts posts0_
Hibernate: select posts0_.id as id1_0_, posts0_.created_date as created_2_0_, posts0_.modified_date as modified3_0_, posts0_.author as author4_0_, posts0_.content as content5_0_, posts0_.title as title6_0_, posts0_.writer_id as writer_i7_0_ from posts posts0_
Hibernate: delete from posts where id=?
Hibernate: insert into posts (created_date, modified_date, author, content, title, writer_id) values (?, ?, ?, ?, ?, ?)
Hibernate: select posts0_.id as id1_0_, posts0_.created_date as created_2_0_, posts0_.modified_date as modified3_0_, posts0_.author as author4_0_, posts0_.content as content5_0_, posts0_.title as title6_0_, posts0_.writer_id as writer_i7_0_ from posts posts0_
>>>>>>>>>>> createDate=2021-05-21T23:16:12.305, modifiedDate=2021-05-21T23:16:12.305
Hibernate: select posts0_.id as id1_0_, posts0_.created_date as created_2_0_, posts0_.modified_date as modified3_0_, posts0_.author as author4_0_, posts0_.content as content5_0_, posts0_.title as title6_0_, posts0_.writer_id as writer_i7_0_ from posts posts0_
Hibernate: delete from posts where id=?
]]></system-out>
  <system-err><![CDATA[]]></system-err>
</testsuite>
