<?xml version="1.0" encoding="UTF-8"?>
<testsuite name="org.study.community.web.ProfileControllerTest" tests="1" skipped="0" failures="0" errors="0" timestamp="2021-05-19T18:39:15" hostname="Lucy" time="0.042">
  <properties/>
  <testcase name="profile은_인증없이_호출된다" classname="org.study.community.web.ProfileControllerTest" time="0.042"/>
  <system-out><![CDATA[2021-05-20 03:39:15.712  INFO 16360 --- [    Test worker] .b.t.c.SpringBootTestContextBootstrapper : Neither @ContextConfiguration nor @ContextHierarchy found for test class [org.study.community.web.ProfileControllerTest], using SpringBootContextLoader
2021-05-20 03:39:15.716  INFO 16360 --- [    Test worker] o.s.t.c.support.AbstractContextLoader    : Could not detect default resource locations for test class [org.study.community.web.ProfileControllerTest]: no resource found for suffixes {-context.xml, Context.groovy}.
2021-05-20 03:39:15.718  INFO 16360 --- [    Test worker] t.c.s.AnnotationConfigContextLoaderUtils : Could not detect default configuration classes for test class [org.study.community.web.ProfileControllerTest]: ProfileControllerTest does not declare any static, non-private, non-final, nested classes annotated with @Configuration.
2021-05-20 03:39:15.725  INFO 16360 --- [    Test worker] .b.t.c.SpringBootTestContextBootstrapper : Found @SpringBootConfiguration org.study.community.Application for test class org.study.community.web.ProfileControllerTest
2021-05-20 03:39:15.736  INFO 16360 --- [    Test worker] .b.t.c.SpringBootTestContextBootstrapper : Loaded default TestExecutionListener class names from location [META-INF/spring.factories]: [org.springframework.security.test.context.support.WithSecurityContextTestExecutionListener, org.springframework.security.test.context.support.ReactorContextTestExecutionListener, org.springframework.boot.test.autoconfigure.restdocs.RestDocsTestExecutionListener, org.springframework.boot.test.autoconfigure.web.client.MockRestServiceServerResetTestExecutionListener, org.springframework.boot.test.autoconfigure.web.servlet.MockMvcPrintOnlyOnFailureTestExecutionListener, org.springframework.boot.test.autoconfigure.web.servlet.WebDriverTestExecutionListener, org.springframework.boot.test.mock.mockito.MockitoTestExecutionListener, org.springframework.boot.test.mock.mockito.ResetMocksTestExecutionListener, org.springframework.test.context.web.ServletTestExecutionListener, org.springframework.test.context.support.DirtiesContextBeforeModesTestExecutionListener, org.springframework.test.context.support.DependencyInjectionTestExecutionListener, org.springframework.test.context.support.DirtiesContextTestExecutionListener, org.springframework.test.context.transaction.TransactionalTestExecutionListener, org.springframework.test.context.jdbc.SqlScriptsTestExecutionListener]
2021-05-20 03:39:15.741  INFO 16360 --- [    Test worker] .b.t.c.SpringBootTestContextBootstrapper : Using TestExecutionListeners: [org.springframework.test.context.web.ServletTestExecutionListener@64706e53, org.springframework.test.context.support.DirtiesContextBeforeModesTestExecutionListener@6fa79eba, org.springframework.boot.test.mock.mockito.MockitoTestExecutionListener@78fc9fd9, org.springframework.boot.test.autoconfigure.SpringBootDependencyInjectionTestExecutionListener@376caae7, org.springframework.test.context.support.DirtiesContextTestExecutionListener@508958af, org.springframework.test.context.transaction.TransactionalTestExecutionListener@3885e4a, org.springframework.test.context.jdbc.SqlScriptsTestExecutionListener@1f161bb5, org.springframework.security.test.context.support.WithSecurityContextTestExecutionListener@4d7fb122, org.springframework.security.test.context.support.ReactorContextTestExecutionListener@57a9d402, org.springframework.boot.test.autoconfigure.restdocs.RestDocsTestExecutionListener@1612bab3, org.springframework.boot.test.autoconfigure.web.client.MockRestServiceServerResetTestExecutionListener@3976c077, org.springframework.boot.test.autoconfigure.web.servlet.MockMvcPrintOnlyOnFailureTestExecutionListener@93080da, org.springframework.boot.test.autoconfigure.web.servlet.WebDriverTestExecutionListener@10a04c3a, org.springframework.boot.test.mock.mockito.ResetMocksTestExecutionListener@13e4bbbf]
]]></system-out>
  <system-err><![CDATA[]]></system-err>
</testsuite>
