<?xml version="1.0" encoding="UTF-8"?>
<testsuite name="org.study.community.web.HelloControllerTest" tests="2" skipped="0" failures="0" errors="0" timestamp="2021-05-19T18:39:15" hostname="Lucy" time="0.31">
  <properties/>
  <testcase name="hello가_리턴된다" classname="org.study.community.web.HelloControllerTest" time="0.081"/>
  <testcase name="helloDto가_리턴된다" classname="org.study.community.web.HelloControllerTest" time="0.226"/>
  <system-out><![CDATA[2021-05-20 03:39:12.495  INFO 16360 --- [    Test worker] .b.t.a.w.s.WebMvcTestContextBootstrapper : Neither @ContextConfiguration nor @ContextHierarchy found for test class [org.study.community.web.HelloControllerTest], using SpringBootContextLoader
2021-05-20 03:39:12.505  INFO 16360 --- [    Test worker] o.s.t.c.support.AbstractContextLoader    : Could not detect default resource locations for test class [org.study.community.web.HelloControllerTest]: no resource found for suffixes {-context.xml, Context.groovy}.
2021-05-20 03:39:12.507  INFO 16360 --- [    Test worker] t.c.s.AnnotationConfigContextLoaderUtils : Could not detect default configuration classes for test class [org.study.community.web.HelloControllerTest]: HelloControllerTest does not declare any static, non-private, non-final, nested classes annotated with @Configuration.
2021-05-20 03:39:12.546  INFO 16360 --- [    Test worker] .b.t.c.SpringBootTestContextBootstrapper : Found @SpringBootConfiguration org.study.community.Application for test class org.study.community.web.HelloControllerTest
2021-05-20 03:39:12.549  INFO 16360 --- [    Test worker] .b.t.a.w.s.WebMvcTestContextBootstrapper : Loaded default TestExecutionListener class names from location [META-INF/spring.factories]: [org.springframework.security.test.context.support.WithSecurityContextTestExecutionListener, org.springframework.security.test.context.support.ReactorContextTestExecutionListener, org.springframework.boot.test.autoconfigure.restdocs.RestDocsTestExecutionListener, org.springframework.boot.test.autoconfigure.web.client.MockRestServiceServerResetTestExecutionListener, org.springframework.boot.test.autoconfigure.web.servlet.MockMvcPrintOnlyOnFailureTestExecutionListener, org.springframework.boot.test.autoconfigure.web.servlet.WebDriverTestExecutionListener, org.springframework.boot.test.mock.mockito.MockitoTestExecutionListener, org.springframework.boot.test.mock.mockito.ResetMocksTestExecutionListener, org.springframework.test.context.web.ServletTestExecutionListener, org.springframework.test.context.support.DirtiesContextBeforeModesTestExecutionListener, org.springframework.test.context.support.DependencyInjectionTestExecutionListener, org.springframework.test.context.support.DirtiesContextTestExecutionListener, org.springframework.test.context.transaction.TransactionalTestExecutionListener, org.springframework.test.context.jdbc.SqlScriptsTestExecutionListener]
2021-05-20 03:39:12.553  INFO 16360 --- [    Test worker] .b.t.a.w.s.WebMvcTestContextBootstrapper : Using TestExecutionListeners: [org.springframework.test.context.web.ServletTestExecutionListener@3c483d26, org.springframework.test.context.support.DirtiesContextBeforeModesTestExecutionListener@1f02f548, org.springframework.boot.test.mock.mockito.MockitoTestExecutionListener@41a19695, org.springframework.boot.test.autoconfigure.SpringBootDependencyInjectionTestExecutionListener@6fc9b3e5, org.springframework.test.context.support.DirtiesContextTestExecutionListener@12950237, org.springframework.test.context.transaction.TransactionalTestExecutionListener@1a351d98, org.springframework.test.context.jdbc.SqlScriptsTestExecutionListener@57ed3575, org.springframework.security.test.context.support.WithSecurityContextTestExecutionListener@7519e2f6, org.springframework.security.test.context.support.ReactorContextTestExecutionListener@4f27d2d8, org.springframework.boot.test.autoconfigure.restdocs.RestDocsTestExecutionListener@7d4ccf79, org.springframework.boot.test.autoconfigure.web.client.MockRestServiceServerResetTestExecutionListener@43b41b38, org.springframework.boot.test.autoconfigure.web.servlet.MockMvcPrintOnlyOnFailureTestExecutionListener@79005fea, org.springframework.boot.test.autoconfigure.web.servlet.WebDriverTestExecutionListener@840f300, org.springframework.boot.test.mock.mockito.ResetMocksTestExecutionListener@136cd276]

  .   ____          _            __ _ _
 /\\ / ___'_ __ _ _(_)_ __  __ _ \ \ \ \
( ( )\___ | '_ | '_| | '_ \/ _` | \ \ \ \
 \\/  ___)| |_)| | | | | || (_| |  ) ) ) )
  '  |____| .__|_| |_|_| |_\__, | / / / /
 =========|_|==============|___/=/_/_/_/
 :: Spring Boot ::        (v2.1.7.RELEASE)

2021-05-20 03:39:12.659  INFO 16360 --- [    Test worker] o.s.community.web.HelloControllerTest    : Starting HelloControllerTest on Lucy with PID 16360 (started by bpuuq in C:\Users\bpuuq\IdeaProjects\online-community)
2021-05-20 03:39:12.660  INFO 16360 --- [    Test worker] o.s.community.web.HelloControllerTest    : No active profile set, falling back to default profiles: default
2021-05-20 03:39:13.782  INFO 16360 --- [    Test worker] o.s.s.concurrent.ThreadPoolTaskExecutor  : Initializing ExecutorService 'applicationTaskExecutor'
2021-05-20 03:39:13.877  INFO 16360 --- [    Test worker] o.s.b.a.w.s.WelcomePageHandlerMapping    : Adding welcome page template: index
2021-05-20 03:39:14.497  INFO 16360 --- [    Test worker] .s.s.UserDetailsServiceAutoConfiguration : 

Using generated security password: 8744529a-586f-4c1e-bd1a-04f528cdf4a2

2021-05-20 03:39:14.899  INFO 16360 --- [    Test worker] o.s.s.web.DefaultSecurityFilterChain     : Creating filter chain: any request, [org.springframework.security.web.context.request.async.WebAsyncManagerIntegrationFilter@69f390f3, org.springframework.security.web.context.SecurityContextPersistenceFilter@777fb17d, org.springframework.security.web.header.HeaderWriterFilter@1276d087, org.springframework.security.web.csrf.CsrfFilter@4b9f1c53, org.springframework.security.web.authentication.logout.LogoutFilter@99daac2, org.springframework.security.web.authentication.UsernamePasswordAuthenticationFilter@17585e12, org.springframework.security.web.authentication.ui.DefaultLoginPageGeneratingFilter@1721469b, org.springframework.security.web.authentication.ui.DefaultLogoutPageGeneratingFilter@6876a25d, org.springframework.security.web.authentication.www.BasicAuthenticationFilter@3f6008a4, org.springframework.security.web.savedrequest.RequestCacheAwareFilter@5377f3bb, org.springframework.security.web.servletapi.SecurityContextHolderAwareRequestFilter@77a1e3ba, org.springframework.security.web.authentication.AnonymousAuthenticationFilter@576cb2df, org.springframework.security.web.session.SessionManagementFilter@21b83b1e, org.springframework.security.web.access.ExceptionTranslationFilter@556e2849, org.springframework.security.web.access.intercept.FilterSecurityInterceptor@2a774938]
2021-05-20 03:39:14.954  INFO 16360 --- [    Test worker] o.s.b.t.m.w.SpringBootMockServletContext : Initializing Spring TestDispatcherServlet ''
2021-05-20 03:39:14.954  INFO 16360 --- [    Test worker] o.s.t.web.servlet.TestDispatcherServlet  : Initializing Servlet ''
2021-05-20 03:39:14.985  INFO 16360 --- [    Test worker] o.s.t.web.servlet.TestDispatcherServlet  : Completed initialization in 31 ms
2021-05-20 03:39:15.081  INFO 16360 --- [    Test worker] o.s.community.web.HelloControllerTest    : Started HelloControllerTest in 2.523 seconds (JVM running for 28.76)
]]></system-out>
  <system-err><![CDATA[]]></system-err>
</testsuite>
