<?xml version="1.0" encoding="UTF-8"?>
<testsuite name="org.study.community.web.HelloControllerTest" tests="2" skipped="0" failures="0" errors="0" timestamp="2021-05-21T14:16:15" hostname="Lucy" time="0.434">
  <properties/>
  <testcase name="hello가_리턴된다" classname="org.study.community.web.HelloControllerTest" time="0.213"/>
  <testcase name="helloDto가_리턴된다" classname="org.study.community.web.HelloControllerTest" time="0.22"/>
  <system-out><![CDATA[2021-05-21 23:16:12.367  INFO 14828 --- [    Test worker] .b.t.a.w.s.WebMvcTestContextBootstrapper : Neither @ContextConfiguration nor @ContextHierarchy found for test class [org.study.community.web.HelloControllerTest], using SpringBootContextLoader
2021-05-21 23:16:12.370  INFO 14828 --- [    Test worker] o.s.t.c.support.AbstractContextLoader    : Could not detect default resource locations for test class [org.study.community.web.HelloControllerTest]: no resource found for suffixes {-context.xml, Context.groovy}.
2021-05-21 23:16:12.372  INFO 14828 --- [    Test worker] t.c.s.AnnotationConfigContextLoaderUtils : Could not detect default configuration classes for test class [org.study.community.web.HelloControllerTest]: HelloControllerTest does not declare any static, non-private, non-final, nested classes annotated with @Configuration.
2021-05-21 23:16:12.456  INFO 14828 --- [    Test worker] .b.t.c.SpringBootTestContextBootstrapper : Found @SpringBootConfiguration org.study.community.Application for test class org.study.community.web.HelloControllerTest
2021-05-21 23:16:12.457  INFO 14828 --- [    Test worker] .b.t.a.w.s.WebMvcTestContextBootstrapper : Loaded default TestExecutionListener class names from location [META-INF/spring.factories]: [org.springframework.security.test.context.support.WithSecurityContextTestExecutionListener, org.springframework.security.test.context.support.ReactorContextTestExecutionListener, org.springframework.boot.test.autoconfigure.restdocs.RestDocsTestExecutionListener, org.springframework.boot.test.autoconfigure.web.client.MockRestServiceServerResetTestExecutionListener, org.springframework.boot.test.autoconfigure.web.servlet.MockMvcPrintOnlyOnFailureTestExecutionListener, org.springframework.boot.test.autoconfigure.web.servlet.WebDriverTestExecutionListener, org.springframework.boot.test.mock.mockito.MockitoTestExecutionListener, org.springframework.boot.test.mock.mockito.ResetMocksTestExecutionListener, org.springframework.test.context.web.ServletTestExecutionListener, org.springframework.test.context.support.DirtiesContextBeforeModesTestExecutionListener, org.springframework.test.context.support.DependencyInjectionTestExecutionListener, org.springframework.test.context.support.DirtiesContextTestExecutionListener, org.springframework.test.context.transaction.TransactionalTestExecutionListener, org.springframework.test.context.jdbc.SqlScriptsTestExecutionListener]
2021-05-21 23:16:12.464  INFO 14828 --- [    Test worker] .b.t.a.w.s.WebMvcTestContextBootstrapper : Using TestExecutionListeners: [org.springframework.test.context.web.ServletTestExecutionListener@29391e36, org.springframework.test.context.support.DirtiesContextBeforeModesTestExecutionListener@824782a, org.springframework.boot.test.mock.mockito.MockitoTestExecutionListener@3035aa5c, org.springframework.boot.test.autoconfigure.SpringBootDependencyInjectionTestExecutionListener@72aaa7b2, org.springframework.test.context.support.DirtiesContextTestExecutionListener@1303cf7f, org.springframework.test.context.transaction.TransactionalTestExecutionListener@38cd001d, org.springframework.test.context.jdbc.SqlScriptsTestExecutionListener@25372a12, org.springframework.security.test.context.support.WithSecurityContextTestExecutionListener@2879e31, org.springframework.security.test.context.support.ReactorContextTestExecutionListener@ff2c129, org.springframework.boot.test.autoconfigure.restdocs.RestDocsTestExecutionListener@5f6ff522, org.springframework.boot.test.autoconfigure.web.client.MockRestServiceServerResetTestExecutionListener@43143367, org.springframework.boot.test.autoconfigure.web.servlet.MockMvcPrintOnlyOnFailureTestExecutionListener@7ddc4b22, org.springframework.boot.test.autoconfigure.web.servlet.WebDriverTestExecutionListener@643e3639, org.springframework.boot.test.mock.mockito.ResetMocksTestExecutionListener@44581979]

  .   ____          _            __ _ _
 /\\ / ___'_ __ _ _(_)_ __  __ _ \ \ \ \
( ( )\___ | '_ | '_| | '_ \/ _` | \ \ \ \
 \\/  ___)| |_)| | | | | || (_| |  ) ) ) )
  '  |____| .__|_| |_|_| |_\__, | / / / /
 =========|_|==============|___/=/_/_/_/
 :: Spring Boot ::        (v2.1.7.RELEASE)

2021-05-21 23:16:12.579  INFO 14828 --- [    Test worker] o.s.community.web.HelloControllerTest    : Starting HelloControllerTest on Lucy with PID 14828 (started by bpuuq in C:\Users\bpuuq\IdeaProjects\online-community)
2021-05-21 23:16:12.581  INFO 14828 --- [    Test worker] o.s.community.web.HelloControllerTest    : No active profile set, falling back to default profiles: default
2021-05-21 23:16:13.905  INFO 14828 --- [    Test worker] o.s.s.concurrent.ThreadPoolTaskExecutor  : Initializing ExecutorService 'applicationTaskExecutor'
2021-05-21 23:16:13.999  INFO 14828 --- [    Test worker] o.s.b.a.w.s.WelcomePageHandlerMapping    : Adding welcome page template: index
2021-05-21 23:16:14.595  INFO 14828 --- [    Test worker] .s.s.UserDetailsServiceAutoConfiguration : 

Using generated security password: 45d54106-8f28-4b21-9b7a-39d1b5d7d151

2021-05-21 23:16:15.006  INFO 14828 --- [    Test worker] o.s.s.web.DefaultSecurityFilterChain     : Creating filter chain: any request, [org.springframework.security.web.context.request.async.WebAsyncManagerIntegrationFilter@1c6f5efb, org.springframework.security.web.context.SecurityContextPersistenceFilter@55d8b44a, org.springframework.security.web.header.HeaderWriterFilter@4e3b4451, org.springframework.security.web.csrf.CsrfFilter@55ae9485, org.springframework.security.web.authentication.logout.LogoutFilter@55d38227, org.springframework.security.web.authentication.UsernamePasswordAuthenticationFilter@37de129f, org.springframework.security.web.authentication.ui.DefaultLoginPageGeneratingFilter@3fa1c510, org.springframework.security.web.authentication.ui.DefaultLogoutPageGeneratingFilter@275ec87a, org.springframework.security.web.authentication.www.BasicAuthenticationFilter@48bb2600, org.springframework.security.web.savedrequest.RequestCacheAwareFilter@4309cc30, org.springframework.security.web.servletapi.SecurityContextHolderAwareRequestFilter@578401cc, org.springframework.security.web.authentication.AnonymousAuthenticationFilter@36c471b7, org.springframework.security.web.session.SessionManagementFilter@6f90fbaf, org.springframework.security.web.access.ExceptionTranslationFilter@72ec8564, org.springframework.security.web.access.intercept.FilterSecurityInterceptor@9adca76]
2021-05-21 23:16:15.109  INFO 14828 --- [    Test worker] o.s.b.t.m.w.SpringBootMockServletContext : Initializing Spring TestDispatcherServlet ''
2021-05-21 23:16:15.109  INFO 14828 --- [    Test worker] o.s.t.web.servlet.TestDispatcherServlet  : Initializing Servlet ''
2021-05-21 23:16:15.179  INFO 14828 --- [    Test worker] o.s.t.web.servlet.TestDispatcherServlet  : Completed initialization in 70 ms
2021-05-21 23:16:15.282  INFO 14828 --- [    Test worker] o.s.community.web.HelloControllerTest    : Started HelloControllerTest in 2.813 seconds (JVM running for 22.605)
]]></system-out>
  <system-err><![CDATA[]]></system-err>
</testsuite>
