<?xml version="1.0" encoding="UTF-8"?>
<testsuite name="org.study.community.web.HelloControllerTest" tests="2" skipped="0" failures="0" errors="0" timestamp="2021-05-18T11:13:36" hostname="Lucy" time="0.398">
  <properties/>
  <testcase name="hello가_리턴된다" classname="org.study.community.web.HelloControllerTest" time="0.164"/>
  <testcase name="helloDto가_리턴된다" classname="org.study.community.web.HelloControllerTest" time="0.231"/>
  <system-out><![CDATA[2021-05-18 20:13:34.042  INFO 17344 --- [    Test worker] .b.t.a.w.s.WebMvcTestContextBootstrapper : Neither @ContextConfiguration nor @ContextHierarchy found for test class [org.study.community.web.HelloControllerTest], using SpringBootContextLoader
2021-05-18 20:13:34.074  INFO 17344 --- [    Test worker] o.s.t.c.support.AbstractContextLoader    : Could not detect default resource locations for test class [org.study.community.web.HelloControllerTest]: no resource found for suffixes {-context.xml, Context.groovy}.
2021-05-18 20:13:34.075  INFO 17344 --- [    Test worker] t.c.s.AnnotationConfigContextLoaderUtils : Could not detect default configuration classes for test class [org.study.community.web.HelloControllerTest]: HelloControllerTest does not declare any static, non-private, non-final, nested classes annotated with @Configuration.
2021-05-18 20:13:34.141  INFO 17344 --- [    Test worker] .b.t.c.SpringBootTestContextBootstrapper : Found @SpringBootConfiguration org.study.community.Application for test class org.study.community.web.HelloControllerTest
2021-05-18 20:13:34.145  INFO 17344 --- [    Test worker] .b.t.a.w.s.WebMvcTestContextBootstrapper : Loaded default TestExecutionListener class names from location [META-INF/spring.factories]: [org.springframework.security.test.context.support.WithSecurityContextTestExecutionListener, org.springframework.security.test.context.support.ReactorContextTestExecutionListener, org.springframework.boot.test.autoconfigure.restdocs.RestDocsTestExecutionListener, org.springframework.boot.test.autoconfigure.web.client.MockRestServiceServerResetTestExecutionListener, org.springframework.boot.test.autoconfigure.web.servlet.MockMvcPrintOnlyOnFailureTestExecutionListener, org.springframework.boot.test.autoconfigure.web.servlet.WebDriverTestExecutionListener, org.springframework.boot.test.mock.mockito.MockitoTestExecutionListener, org.springframework.boot.test.mock.mockito.ResetMocksTestExecutionListener, org.springframework.test.context.web.ServletTestExecutionListener, org.springframework.test.context.support.DirtiesContextBeforeModesTestExecutionListener, org.springframework.test.context.support.DependencyInjectionTestExecutionListener, org.springframework.test.context.support.DirtiesContextTestExecutionListener, org.springframework.test.context.transaction.TransactionalTestExecutionListener, org.springframework.test.context.jdbc.SqlScriptsTestExecutionListener]
2021-05-18 20:13:34.161  INFO 17344 --- [    Test worker] .b.t.a.w.s.WebMvcTestContextBootstrapper : Using TestExecutionListeners: [org.springframework.test.context.web.ServletTestExecutionListener@501f36ef, org.springframework.test.context.support.DirtiesContextBeforeModesTestExecutionListener@3a537fec, org.springframework.boot.test.mock.mockito.MockitoTestExecutionListener@6ca73762, org.springframework.boot.test.autoconfigure.SpringBootDependencyInjectionTestExecutionListener@2de0feb2, org.springframework.test.context.support.DirtiesContextTestExecutionListener@4e10daf, org.springframework.test.context.transaction.TransactionalTestExecutionListener@25ecbec0, org.springframework.test.context.jdbc.SqlScriptsTestExecutionListener@70259138, org.springframework.security.test.context.support.WithSecurityContextTestExecutionListener@5a9ae4e0, org.springframework.security.test.context.support.ReactorContextTestExecutionListener@561a0669, org.springframework.boot.test.autoconfigure.restdocs.RestDocsTestExecutionListener@16c0b8d4, org.springframework.boot.test.autoconfigure.web.client.MockRestServiceServerResetTestExecutionListener@4a304765, org.springframework.boot.test.autoconfigure.web.servlet.MockMvcPrintOnlyOnFailureTestExecutionListener@47801727, org.springframework.boot.test.autoconfigure.web.servlet.WebDriverTestExecutionListener@41af78f0, org.springframework.boot.test.mock.mockito.ResetMocksTestExecutionListener@52ba6e09]

  .   ____          _            __ _ _
 /\\ / ___'_ __ _ _(_)_ __  __ _ \ \ \ \
( ( )\___ | '_ | '_| | '_ \/ _` | \ \ \ \
 \\/  ___)| |_)| | | | | || (_| |  ) ) ) )
  '  |____| .__|_| |_|_| |_\__, | / / / /
 =========|_|==============|___/=/_/_/_/
 :: Spring Boot ::        (v2.1.7.RELEASE)

2021-05-18 20:13:34.264  INFO 17344 --- [    Test worker] o.s.community.web.HelloControllerTest    : Starting HelloControllerTest on Lucy with PID 17344 (started by bpuuq in C:\Users\bpuuq\IdeaProjects\online-community)
2021-05-18 20:13:34.268  INFO 17344 --- [    Test worker] o.s.community.web.HelloControllerTest    : No active profile set, falling back to default profiles: default
2021-05-18 20:13:35.507  INFO 17344 --- [    Test worker] o.s.s.concurrent.ThreadPoolTaskExecutor  : Initializing ExecutorService 'applicationTaskExecutor'
2021-05-18 20:13:35.606  INFO 17344 --- [    Test worker] o.s.b.a.w.s.WelcomePageHandlerMapping    : Adding welcome page template: index
2021-05-18 20:13:36.186  INFO 17344 --- [    Test worker] .s.s.UserDetailsServiceAutoConfiguration : 

Using generated security password: 589648c0-2a9e-4ee8-abbb-97cf03b0f883

2021-05-18 20:13:36.632  INFO 17344 --- [    Test worker] o.s.s.web.DefaultSecurityFilterChain     : Creating filter chain: any request, [org.springframework.security.web.context.request.async.WebAsyncManagerIntegrationFilter@d9d61c8, org.springframework.security.web.context.SecurityContextPersistenceFilter@6a228eb, org.springframework.security.web.header.HeaderWriterFilter@7a405428, org.springframework.security.web.csrf.CsrfFilter@6022c233, org.springframework.security.web.authentication.logout.LogoutFilter@6b48b06c, org.springframework.security.web.authentication.UsernamePasswordAuthenticationFilter@7a0f4196, org.springframework.security.web.authentication.ui.DefaultLoginPageGeneratingFilter@4bab8d31, org.springframework.security.web.authentication.ui.DefaultLogoutPageGeneratingFilter@3b7451aa, org.springframework.security.web.authentication.www.BasicAuthenticationFilter@6669e805, org.springframework.security.web.savedrequest.RequestCacheAwareFilter@1682186d, org.springframework.security.web.servletapi.SecurityContextHolderAwareRequestFilter@6e1bef81, org.springframework.security.web.authentication.AnonymousAuthenticationFilter@12f4bf01, org.springframework.security.web.session.SessionManagementFilter@c853209, org.springframework.security.web.access.ExceptionTranslationFilter@24b680c2, org.springframework.security.web.access.intercept.FilterSecurityInterceptor@6dd4f2ff]
2021-05-18 20:13:36.747  INFO 17344 --- [    Test worker] o.s.b.t.m.w.SpringBootMockServletContext : Initializing Spring TestDispatcherServlet ''
2021-05-18 20:13:36.748  INFO 17344 --- [    Test worker] o.s.t.web.servlet.TestDispatcherServlet  : Initializing Servlet ''
2021-05-18 20:13:36.804  INFO 17344 --- [    Test worker] o.s.t.web.servlet.TestDispatcherServlet  : Completed initialization in 56 ms
2021-05-18 20:13:36.945  INFO 17344 --- [    Test worker] o.s.community.web.HelloControllerTest    : Started HelloControllerTest in 2.777 seconds (JVM running for 23.231)
]]></system-out>
  <system-err><![CDATA[]]></system-err>
</testsuite>
