<?xml version="1.0" encoding="UTF-8"?>
<testsuite name="org.study.community.web.IndexControllerTest" tests="1" skipped="0" failures="0" errors="0" timestamp="2021-05-21T14:16:22" hostname="Lucy" time="0.625">
  <properties/>
  <testcase name="메인페이지_로딩" classname="org.study.community.web.IndexControllerTest" time="0.625"/>
  <system-out><![CDATA[2021-05-21 23:16:15.752  INFO 14828 --- [    Test worker] .b.t.c.SpringBootTestContextBootstrapper : Neither @ContextConfiguration nor @ContextHierarchy found for test class [org.study.community.web.IndexControllerTest], using SpringBootContextLoader
2021-05-21 23:16:15.755  INFO 14828 --- [    Test worker] o.s.t.c.support.AbstractContextLoader    : Could not detect default resource locations for test class [org.study.community.web.IndexControllerTest]: no resource found for suffixes {-context.xml, Context.groovy}.
2021-05-21 23:16:15.768  INFO 14828 --- [    Test worker] t.c.s.AnnotationConfigContextLoaderUtils : Could not detect default configuration classes for test class [org.study.community.web.IndexControllerTest]: IndexControllerTest does not declare any static, non-private, non-final, nested classes annotated with @Configuration.
2021-05-21 23:16:15.777  INFO 14828 --- [    Test worker] .b.t.c.SpringBootTestContextBootstrapper : Found @SpringBootConfiguration org.study.community.Application for test class org.study.community.web.IndexControllerTest
2021-05-21 23:16:15.781  INFO 14828 --- [    Test worker] .b.t.c.SpringBootTestContextBootstrapper : Loaded default TestExecutionListener class names from location [META-INF/spring.factories]: [org.springframework.security.test.context.support.WithSecurityContextTestExecutionListener, org.springframework.security.test.context.support.ReactorContextTestExecutionListener, org.springframework.boot.test.autoconfigure.restdocs.RestDocsTestExecutionListener, org.springframework.boot.test.autoconfigure.web.client.MockRestServiceServerResetTestExecutionListener, org.springframework.boot.test.autoconfigure.web.servlet.MockMvcPrintOnlyOnFailureTestExecutionListener, org.springframework.boot.test.autoconfigure.web.servlet.WebDriverTestExecutionListener, org.springframework.boot.test.mock.mockito.MockitoTestExecutionListener, org.springframework.boot.test.mock.mockito.ResetMocksTestExecutionListener, org.springframework.test.context.web.ServletTestExecutionListener, org.springframework.test.context.support.DirtiesContextBeforeModesTestExecutionListener, org.springframework.test.context.support.DependencyInjectionTestExecutionListener, org.springframework.test.context.support.DirtiesContextTestExecutionListener, org.springframework.test.context.transaction.TransactionalTestExecutionListener, org.springframework.test.context.jdbc.SqlScriptsTestExecutionListener]
2021-05-21 23:16:15.785  INFO 14828 --- [    Test worker] .b.t.c.SpringBootTestContextBootstrapper : Using TestExecutionListeners: [org.springframework.test.context.web.ServletTestExecutionListener@54089163, org.springframework.test.context.support.DirtiesContextBeforeModesTestExecutionListener@4312a7e8, org.springframework.boot.test.mock.mockito.MockitoTestExecutionListener@18197b1a, org.springframework.boot.test.autoconfigure.SpringBootDependencyInjectionTestExecutionListener@5ea35363, org.springframework.test.context.support.DirtiesContextTestExecutionListener@4eb0525d, org.springframework.test.context.transaction.TransactionalTestExecutionListener@18cb8184, org.springframework.test.context.jdbc.SqlScriptsTestExecutionListener@4b59f82c, org.springframework.security.test.context.support.WithSecurityContextTestExecutionListener@f25926f, org.springframework.security.test.context.support.ReactorContextTestExecutionListener@434b1b6c, org.springframework.boot.test.autoconfigure.restdocs.RestDocsTestExecutionListener@7486520, org.springframework.boot.test.autoconfigure.web.client.MockRestServiceServerResetTestExecutionListener@3d4657d, org.springframework.boot.test.autoconfigure.web.servlet.MockMvcPrintOnlyOnFailureTestExecutionListener@20c13982, org.springframework.boot.test.autoconfigure.web.servlet.WebDriverTestExecutionListener@3bcac68d, org.springframework.boot.test.mock.mockito.ResetMocksTestExecutionListener@7fefc5b1]

  .   ____          _            __ _ _
 /\\ / ___'_ __ _ _(_)_ __  __ _ \ \ \ \
( ( )\___ | '_ | '_| | '_ \/ _` | \ \ \ \
 \\/  ___)| |_)| | | | | || (_| |  ) ) ) )
  '  |____| .__|_| |_|_| |_\__, | / / / /
 =========|_|==============|___/=/_/_/_/
 :: Spring Boot ::        (v2.1.7.RELEASE)

2021-05-21 23:16:15.885  INFO 14828 --- [    Test worker] o.s.community.web.IndexControllerTest    : Starting IndexControllerTest on Lucy with PID 14828 (started by bpuuq in C:\Users\bpuuq\IdeaProjects\online-community)
2021-05-21 23:16:15.886  INFO 14828 --- [    Test worker] o.s.community.web.IndexControllerTest    : No active profile set, falling back to default profiles: default
2021-05-21 23:16:16.503  INFO 14828 --- [    Test worker] .s.d.r.c.RepositoryConfigurationDelegate : Bootstrapping Spring Data repositories in DEFAULT mode.
2021-05-21 23:16:16.584  INFO 14828 --- [    Test worker] .s.d.r.c.RepositoryConfigurationDelegate : Finished Spring Data repository scanning in 80ms. Found 2 repository interfaces.
2021-05-21 23:16:16.809  INFO 14828 --- [    Test worker] trationDelegate$BeanPostProcessorChecker : Bean 'org.springframework.transaction.annotation.ProxyTransactionManagementConfiguration' of type [org.springframework.transaction.annotation.ProxyTransactionManagementConfiguration$$EnhancerBySpringCGLIB$$e1f0c8a9] is not eligible for getting processed by all BeanPostProcessors (for example: not eligible for auto-proxying)
2021-05-21 23:16:17.508  INFO 14828 --- [    Test worker] o.s.b.w.embedded.tomcat.TomcatWebServer  : Tomcat initialized with port(s): 0 (http)
2021-05-21 23:16:17.579  INFO 14828 --- [    Test worker] o.apache.catalina.core.StandardService   : Starting service [Tomcat]
2021-05-21 23:16:17.580  INFO 14828 --- [    Test worker] org.apache.catalina.core.StandardEngine  : Starting Servlet engine: [Apache Tomcat/9.0.22]
2021-05-21 23:16:17.965  INFO 14828 --- [    Test worker] o.a.c.c.C.[Tomcat].[localhost].[/]       : Initializing Spring embedded WebApplicationContext
2021-05-21 23:16:17.965  INFO 14828 --- [    Test worker] o.s.web.context.ContextLoader            : Root WebApplicationContext: initialization completed in 2071 ms
2021-05-21 23:16:18.448  INFO 14828 --- [    Test worker] com.zaxxer.hikari.HikariDataSource       : HikariPool-2 - Starting...
2021-05-21 23:16:18.451  INFO 14828 --- [    Test worker] com.zaxxer.hikari.HikariDataSource       : HikariPool-2 - Start completed.
2021-05-21 23:16:18.622  INFO 14828 --- [    Test worker] o.hibernate.jpa.internal.util.LogHelper  : HHH000204: Processing PersistenceUnitInfo [
	name: default
	...]
2021-05-21 23:16:18.664  INFO 14828 --- [    Test worker] org.hibernate.dialect.Dialect            : HHH000400: Using dialect: org.hibernate.dialect.MySQL5InnoDBDialect
Hibernate: drop table if exists posts
Hibernate: drop table if exists user
Hibernate: create table posts (id bigint not null auto_increment, created_date datetime, modified_date datetime, author varchar(10) not null, content TEXT not null, title varchar(500) not null, writer_id bigint, primary key (id)) engine=InnoDB
Hibernate: create table user (id bigint not null auto_increment, created_date datetime, modified_date datetime, email varchar(255) not null, name varchar(255) not null, picture varchar(255), role varchar(255) not null, primary key (id)) engine=InnoDB
2021-05-21 23:16:18.815  INFO 14828 --- [    Test worker] o.h.t.schema.internal.SchemaCreatorImpl  : HHH000476: Executing import script 'org.hibernate.tool.schema.internal.exec.ScriptSourceInputNonExistentImpl@19c55249'
2021-05-21 23:16:18.815  INFO 14828 --- [    Test worker] j.LocalContainerEntityManagerFactoryBean : Initialized JPA EntityManagerFactory for persistence unit 'default'
2021-05-21 23:16:19.943  INFO 14828 --- [    Test worker] o.h.h.i.QueryTranslatorFactoryInitiator  : HHH000397: Using ASTQueryTranslatorFactory
2021-05-21 23:16:20.409  INFO 14828 --- [    Test worker] o.s.s.web.DefaultSecurityFilterChain     : Creating filter chain: any request, [org.springframework.security.web.context.request.async.WebAsyncManagerIntegrationFilter@64296f17, org.springframework.security.web.context.SecurityContextPersistenceFilter@4d9c980, org.springframework.security.web.header.HeaderWriterFilter@254f1f9, org.springframework.security.web.authentication.logout.LogoutFilter@73454f7e, org.springframework.security.oauth2.client.web.OAuth2AuthorizationRequestRedirectFilter@4deb576f, org.springframework.security.oauth2.client.web.OAuth2LoginAuthenticationFilter@5a4cee, org.springframework.security.web.authentication.ui.DefaultLoginPageGeneratingFilter@391a0414, org.springframework.security.web.authentication.ui.DefaultLogoutPageGeneratingFilter@2d37074, org.springframework.security.web.savedrequest.RequestCacheAwareFilter@42227301, org.springframework.security.web.servletapi.SecurityContextHolderAwareRequestFilter@67dc8985, org.springframework.security.web.authentication.AnonymousAuthenticationFilter@15941f6e, org.springframework.security.web.session.SessionManagementFilter@46131163, org.springframework.security.web.access.ExceptionTranslationFilter@4d416f9d, org.springframework.security.web.access.intercept.FilterSecurityInterceptor@5c275779]
2021-05-21 23:16:20.933  INFO 14828 --- [    Test worker] o.s.s.concurrent.ThreadPoolTaskExecutor  : Initializing ExecutorService 'applicationTaskExecutor'
2021-05-21 23:16:20.965  WARN 14828 --- [    Test worker] aWebConfiguration$JpaWebMvcConfiguration : spring.jpa.open-in-view is enabled by default. Therefore, database queries may be performed during view rendering. Explicitly configure spring.jpa.open-in-view to disable this warning
2021-05-21 23:16:21.058  INFO 14828 --- [    Test worker] o.s.b.a.w.s.WelcomePageHandlerMapping    : Adding welcome page template: index
2021-05-21 23:16:21.971  INFO 14828 --- [    Test worker] s.a.ScheduledAnnotationBeanPostProcessor : No TaskScheduler/ScheduledExecutorService bean found for scheduled processing
2021-05-21 23:16:22.018  INFO 14828 --- [    Test worker] o.s.b.w.embedded.tomcat.TomcatWebServer  : Tomcat started on port(s): 64773 (http) with context path ''
2021-05-21 23:16:22.019  INFO 14828 --- [    Test worker] o.s.community.web.IndexControllerTest    : Started IndexControllerTest in 6.229 seconds (JVM running for 29.343)
2021-05-21 23:16:22.278  INFO 14828 --- [o-auto-1-exec-1] o.a.c.c.C.[Tomcat].[localhost].[/]       : Initializing Spring DispatcherServlet 'dispatcherServlet'
2021-05-21 23:16:22.279  INFO 14828 --- [o-auto-1-exec-1] o.s.web.servlet.DispatcherServlet        : Initializing Servlet 'dispatcherServlet'
2021-05-21 23:16:22.356  INFO 14828 --- [o-auto-1-exec-1] o.s.web.servlet.DispatcherServlet        : Completed initialization in 77 ms
Hibernate: select posts0_.id as id1_0_, posts0_.created_date as created_2_0_, posts0_.modified_date as modified3_0_, posts0_.author as author4_0_, posts0_.content as content5_0_, posts0_.title as title6_0_, posts0_.writer_id as writer_i7_0_ from posts posts0_ order by posts0_.id DESC
]]></system-out>
  <system-err><![CDATA[]]></system-err>
</testsuite>
