<?xml version="1.0" encoding="UTF-8"?>
<testsuite name="org.study.community.web.dto.HelloResponseDtoTest" tests="1" skipped="0" failures="0" errors="0" timestamp="2021-05-21T14:16:12" hostname="Lucy" time="0.01">
  <properties/>
  <testcase name="롬복_기능_테스트" classname="org.study.community.web.dto.HelloResponseDtoTest" time="0.01"/>
  <system-out><![CDATA[]]></system-out>
  <system-err><![CDATA[]]></system-err>
</testsuite>
