<?xml version="1.0" encoding="UTF-8"?>
<testsuite name="org.study.community.web.PostsApiControllerTest" tests="2" skipped="0" failures="0" errors="0" timestamp="2021-05-21T14:16:22" hostname="Lucy" time="0.372">
  <properties/>
  <testcase name="Posts_등록된다" classname="org.study.community.web.PostsApiControllerTest" time="0.291"/>
  <testcase name="Posts_수정된다" classname="org.study.community.web.PostsApiControllerTest" time="0.08"/>
  <system-out><![CDATA[2021-05-21 23:16:22.662  INFO 14828 --- [    Test worker] .b.t.c.SpringBootTestContextBootstrapper : Neither @ContextConfiguration nor @ContextHierarchy found for test class [org.study.community.web.PostsApiControllerTest], using SpringBootContextLoader
2021-05-21 23:16:22.665  INFO 14828 --- [    Test worker] o.s.t.c.support.AbstractContextLoader    : Could not detect default resource locations for test class [org.study.community.web.PostsApiControllerTest]: no resource found for suffixes {-context.xml, Context.groovy}.
2021-05-21 23:16:22.665  INFO 14828 --- [    Test worker] t.c.s.AnnotationConfigContextLoaderUtils : Could not detect default configuration classes for test class [org.study.community.web.PostsApiControllerTest]: PostsApiControllerTest does not declare any static, non-private, non-final, nested classes annotated with @Configuration.
2021-05-21 23:16:22.669  INFO 14828 --- [    Test worker] .b.t.c.SpringBootTestContextBootstrapper : Found @SpringBootConfiguration org.study.community.Application for test class org.study.community.web.PostsApiControllerTest
2021-05-21 23:16:22.673  INFO 14828 --- [    Test worker] .b.t.c.SpringBootTestContextBootstrapper : Loaded default TestExecutionListener class names from location [META-INF/spring.factories]: [org.springframework.security.test.context.support.WithSecurityContextTestExecutionListener, org.springframework.security.test.context.support.ReactorContextTestExecutionListener, org.springframework.boot.test.autoconfigure.restdocs.RestDocsTestExecutionListener, org.springframework.boot.test.autoconfigure.web.client.MockRestServiceServerResetTestExecutionListener, org.springframework.boot.test.autoconfigure.web.servlet.MockMvcPrintOnlyOnFailureTestExecutionListener, org.springframework.boot.test.autoconfigure.web.servlet.WebDriverTestExecutionListener, org.springframework.boot.test.mock.mockito.MockitoTestExecutionListener, org.springframework.boot.test.mock.mockito.ResetMocksTestExecutionListener, org.springframework.test.context.web.ServletTestExecutionListener, org.springframework.test.context.support.DirtiesContextBeforeModesTestExecutionListener, org.springframework.test.context.support.DependencyInjectionTestExecutionListener, org.springframework.test.context.support.DirtiesContextTestExecutionListener, org.springframework.test.context.transaction.TransactionalTestExecutionListener, org.springframework.test.context.jdbc.SqlScriptsTestExecutionListener]
2021-05-21 23:16:22.675  INFO 14828 --- [    Test worker] .b.t.c.SpringBootTestContextBootstrapper : Using TestExecutionListeners: [org.springframework.test.context.web.ServletTestExecutionListener@6f33fce7, org.springframework.test.context.support.DirtiesContextBeforeModesTestExecutionListener@3bda44ec, org.springframework.boot.test.mock.mockito.MockitoTestExecutionListener@2564a606, org.springframework.boot.test.autoconfigure.SpringBootDependencyInjectionTestExecutionListener@2af696d, org.springframework.test.context.support.DirtiesContextTestExecutionListener@728b691b, org.springframework.test.context.transaction.TransactionalTestExecutionListener@1b9fbe82, org.springframework.test.context.jdbc.SqlScriptsTestExecutionListener@1bcb6f61, org.springframework.security.test.context.support.WithSecurityContextTestExecutionListener@62d69974, org.springframework.security.test.context.support.ReactorContextTestExecutionListener@4b3ce784, org.springframework.boot.test.autoconfigure.restdocs.RestDocsTestExecutionListener@2d312bcf, org.springframework.boot.test.autoconfigure.web.client.MockRestServiceServerResetTestExecutionListener@6d41f96f, org.springframework.boot.test.autoconfigure.web.servlet.MockMvcPrintOnlyOnFailureTestExecutionListener@3b8ac08a, org.springframework.boot.test.autoconfigure.web.servlet.WebDriverTestExecutionListener@172600b8, org.springframework.boot.test.mock.mockito.ResetMocksTestExecutionListener@33ed2ec0]
2021-05-21 23:16:22.723  INFO 14828 --- [    Test worker] o.a.c.c.C.[Tomcat].[localhost].[/]       : Initializing Spring TestDispatcherServlet ''
2021-05-21 23:16:22.723  INFO 14828 --- [    Test worker] o.s.t.web.servlet.TestDispatcherServlet  : Initializing Servlet ''
2021-05-21 23:16:22.727  INFO 14828 --- [    Test worker] o.s.t.web.servlet.TestDispatcherServlet  : Completed initialization in 4 ms
Hibernate: insert into posts (created_date, modified_date, author, content, title, writer_id) values (?, ?, ?, ?, ?, ?)
Hibernate: select posts0_.id as id1_0_, posts0_.created_date as created_2_0_, posts0_.modified_date as modified3_0_, posts0_.author as author4_0_, posts0_.content as content5_0_, posts0_.title as title6_0_, posts0_.writer_id as writer_i7_0_ from posts posts0_
Hibernate: select posts0_.id as id1_0_, posts0_.created_date as created_2_0_, posts0_.modified_date as modified3_0_, posts0_.author as author4_0_, posts0_.content as content5_0_, posts0_.title as title6_0_, posts0_.writer_id as writer_i7_0_ from posts posts0_
Hibernate: delete from posts where id=?
2021-05-21 23:16:22.980  INFO 14828 --- [    Test worker] o.a.c.c.C.[Tomcat].[localhost].[/]       : Initializing Spring TestDispatcherServlet ''
2021-05-21 23:16:22.981  INFO 14828 --- [    Test worker] o.s.t.web.servlet.TestDispatcherServlet  : Initializing Servlet ''
2021-05-21 23:16:22.985  INFO 14828 --- [    Test worker] o.s.t.web.servlet.TestDispatcherServlet  : Completed initialization in 4 ms
Hibernate: insert into posts (created_date, modified_date, author, content, title, writer_id) values (?, ?, ?, ?, ?, ?)
Hibernate: select posts0_.id as id1_0_0_, posts0_.created_date as created_2_0_0_, posts0_.modified_date as modified3_0_0_, posts0_.author as author4_0_0_, posts0_.content as content5_0_0_, posts0_.title as title6_0_0_, posts0_.writer_id as writer_i7_0_0_ from posts posts0_ where posts0_.id=?
Hibernate: update posts set created_date=?, modified_date=?, author=?, content=?, title=?, writer_id=? where id=?
Hibernate: select posts0_.id as id1_0_, posts0_.created_date as created_2_0_, posts0_.modified_date as modified3_0_, posts0_.author as author4_0_, posts0_.content as content5_0_, posts0_.title as title6_0_, posts0_.writer_id as writer_i7_0_ from posts posts0_
Hibernate: select posts0_.id as id1_0_, posts0_.created_date as created_2_0_, posts0_.modified_date as modified3_0_, posts0_.author as author4_0_, posts0_.content as content5_0_, posts0_.title as title6_0_, posts0_.writer_id as writer_i7_0_ from posts posts0_
Hibernate: delete from posts where id=?
]]></system-out>
  <system-err><![CDATA[]]></system-err>
</testsuite>
