<?xml version="1.0" encoding="UTF-8"?>
<testsuite name="org.study.community.web.ProfileControllerTest" tests="1" skipped="0" failures="0" errors="0" timestamp="2021-05-21T14:16:23" hostname="Lucy" time="0.041">
  <properties/>
  <testcase name="profile은_인증없이_호출된다" classname="org.study.community.web.ProfileControllerTest" time="0.041"/>
  <system-out><![CDATA[2021-05-21 23:16:23.067  INFO 14828 --- [    Test worker] .b.t.c.SpringBootTestContextBootstrapper : Neither @ContextConfiguration nor @ContextHierarchy found for test class [org.study.community.web.ProfileControllerTest], using SpringBootContextLoader
2021-05-21 23:16:23.070  INFO 14828 --- [    Test worker] o.s.t.c.support.AbstractContextLoader    : Could not detect default resource locations for test class [org.study.community.web.ProfileControllerTest]: no resource found for suffixes {-context.xml, Context.groovy}.
2021-05-21 23:16:23.072  INFO 14828 --- [    Test worker] t.c.s.AnnotationConfigContextLoaderUtils : Could not detect default configuration classes for test class [org.study.community.web.ProfileControllerTest]: ProfileControllerTest does not declare any static, non-private, non-final, nested classes annotated with @Configuration.
2021-05-21 23:16:23.078  INFO 14828 --- [    Test worker] .b.t.c.SpringBootTestContextBootstrapper : Found @SpringBootConfiguration org.study.community.Application for test class org.study.community.web.ProfileControllerTest
2021-05-21 23:16:23.088  INFO 14828 --- [    Test worker] .b.t.c.SpringBootTestContextBootstrapper : Loaded default TestExecutionListener class names from location [META-INF/spring.factories]: [org.springframework.security.test.context.support.WithSecurityContextTestExecutionListener, org.springframework.security.test.context.support.ReactorContextTestExecutionListener, org.springframework.boot.test.autoconfigure.restdocs.RestDocsTestExecutionListener, org.springframework.boot.test.autoconfigure.web.client.MockRestServiceServerResetTestExecutionListener, org.springframework.boot.test.autoconfigure.web.servlet.MockMvcPrintOnlyOnFailureTestExecutionListener, org.springframework.boot.test.autoconfigure.web.servlet.WebDriverTestExecutionListener, org.springframework.boot.test.mock.mockito.MockitoTestExecutionListener, org.springframework.boot.test.mock.mockito.ResetMocksTestExecutionListener, org.springframework.test.context.web.ServletTestExecutionListener, org.springframework.test.context.support.DirtiesContextBeforeModesTestExecutionListener, org.springframework.test.context.support.DependencyInjectionTestExecutionListener, org.springframework.test.context.support.DirtiesContextTestExecutionListener, org.springframework.test.context.transaction.TransactionalTestExecutionListener, org.springframework.test.context.jdbc.SqlScriptsTestExecutionListener]
2021-05-21 23:16:23.093  INFO 14828 --- [    Test worker] .b.t.c.SpringBootTestContextBootstrapper : Using TestExecutionListeners: [org.springframework.test.context.web.ServletTestExecutionListener@e606cf3, org.springframework.test.context.support.DirtiesContextBeforeModesTestExecutionListener@5f9d772, org.springframework.boot.test.mock.mockito.MockitoTestExecutionListener@32bbcd7a, org.springframework.boot.test.autoconfigure.SpringBootDependencyInjectionTestExecutionListener@3ec09842, org.springframework.test.context.support.DirtiesContextTestExecutionListener@33ca7c9d, org.springframework.test.context.transaction.TransactionalTestExecutionListener@78c36fd1, org.springframework.test.context.jdbc.SqlScriptsTestExecutionListener@147fbdae, org.springframework.security.test.context.support.WithSecurityContextTestExecutionListener@2ec725eb, org.springframework.security.test.context.support.ReactorContextTestExecutionListener@4e099a3a, org.springframework.boot.test.autoconfigure.restdocs.RestDocsTestExecutionListener@2d57d9cd, org.springframework.boot.test.autoconfigure.web.client.MockRestServiceServerResetTestExecutionListener@44ac8304, org.springframework.boot.test.autoconfigure.web.servlet.MockMvcPrintOnlyOnFailureTestExecutionListener@53531e07, org.springframework.boot.test.autoconfigure.web.servlet.WebDriverTestExecutionListener@5109861d, org.springframework.boot.test.mock.mockito.ResetMocksTestExecutionListener@4203b440]
]]></system-out>
  <system-err><![CDATA[]]></system-err>
</testsuite>
