<?xml version="1.0" encoding="UTF-8"?>
<testsuite name="org.study.community.web.IndexControllerTest" tests="1" skipped="0" failures="0" errors="0" timestamp="2021-05-17T12:19:05" hostname="Lucy" time="0.47">
  <properties/>
  <testcase name="메인페이지_로딩" classname="org.study.community.web.IndexControllerTest" time="0.47"/>
  <system-out><![CDATA[2021-05-17 21:18:59.175  INFO 1432 --- [    Test worker] .b.t.c.SpringBootTestContextBootstrapper : Neither @ContextConfiguration nor @ContextHierarchy found for test class [org.study.community.web.IndexControllerTest], using SpringBootContextLoader
2021-05-17 21:18:59.178  INFO 1432 --- [    Test worker] o.s.t.c.support.AbstractContextLoader    : Could not detect default resource locations for test class [org.study.community.web.IndexControllerTest]: no resource found for suffixes {-context.xml, Context.groovy}.
2021-05-17 21:18:59.179  INFO 1432 --- [    Test worker] t.c.s.AnnotationConfigContextLoaderUtils : Could not detect default configuration classes for test class [org.study.community.web.IndexControllerTest]: IndexControllerTest does not declare any static, non-private, non-final, nested classes annotated with @Configuration.
2021-05-17 21:18:59.182  INFO 1432 --- [    Test worker] .b.t.c.SpringBootTestContextBootstrapper : Found @SpringBootConfiguration org.study.community.Application for test class org.study.community.web.IndexControllerTest
2021-05-17 21:18:59.183  INFO 1432 --- [    Test worker] .b.t.c.SpringBootTestContextBootstrapper : Loaded default TestExecutionListener class names from location [META-INF/spring.factories]: [org.springframework.security.test.context.support.WithSecurityContextTestExecutionListener, org.springframework.security.test.context.support.ReactorContextTestExecutionListener, org.springframework.boot.test.autoconfigure.restdocs.RestDocsTestExecutionListener, org.springframework.boot.test.autoconfigure.web.client.MockRestServiceServerResetTestExecutionListener, org.springframework.boot.test.autoconfigure.web.servlet.MockMvcPrintOnlyOnFailureTestExecutionListener, org.springframework.boot.test.autoconfigure.web.servlet.WebDriverTestExecutionListener, org.springframework.boot.test.mock.mockito.MockitoTestExecutionListener, org.springframework.boot.test.mock.mockito.ResetMocksTestExecutionListener, org.springframework.test.context.web.ServletTestExecutionListener, org.springframework.test.context.support.DirtiesContextBeforeModesTestExecutionListener, org.springframework.test.context.support.DependencyInjectionTestExecutionListener, org.springframework.test.context.support.DirtiesContextTestExecutionListener, org.springframework.test.context.transaction.TransactionalTestExecutionListener, org.springframework.test.context.jdbc.SqlScriptsTestExecutionListener]
2021-05-17 21:18:59.186  INFO 1432 --- [    Test worker] .b.t.c.SpringBootTestContextBootstrapper : Using TestExecutionListeners: [org.springframework.test.context.web.ServletTestExecutionListener@71a09ef4, org.springframework.test.context.support.DirtiesContextBeforeModesTestExecutionListener@75c2341a, org.springframework.boot.test.mock.mockito.MockitoTestExecutionListener@5e3ebdf1, org.springframework.boot.test.autoconfigure.SpringBootDependencyInjectionTestExecutionListener@41d28506, org.springframework.test.context.support.DirtiesContextTestExecutionListener@3470e4f6, org.springframework.test.context.transaction.TransactionalTestExecutionListener@50f67486, org.springframework.test.context.jdbc.SqlScriptsTestExecutionListener@7b8c9a5c, org.springframework.security.test.context.support.WithSecurityContextTestExecutionListener@2ea3ca9e, org.springframework.security.test.context.support.ReactorContextTestExecutionListener@1dc7cce8, org.springframework.boot.test.autoconfigure.restdocs.RestDocsTestExecutionListener@7e76d992, org.springframework.boot.test.autoconfigure.web.client.MockRestServiceServerResetTestExecutionListener@61b7e27a, org.springframework.boot.test.autoconfigure.web.servlet.MockMvcPrintOnlyOnFailureTestExecutionListener@517023e8, org.springframework.boot.test.autoconfigure.web.servlet.WebDriverTestExecutionListener@72f305a2, org.springframework.boot.test.mock.mockito.ResetMocksTestExecutionListener@3a01f827]

  .   ____          _            __ _ _
 /\\ / ___'_ __ _ _(_)_ __  __ _ \ \ \ \
( ( )\___ | '_ | '_| | '_ \/ _` | \ \ \ \
 \\/  ___)| |_)| | | | | || (_| |  ) ) ) )
  '  |____| .__|_| |_|_| |_\__, | / / / /
 =========|_|==============|___/=/_/_/_/
 :: Spring Boot ::        (v2.1.7.RELEASE)

2021-05-17 21:18:59.293  INFO 1432 --- [    Test worker] o.s.community.web.IndexControllerTest    : Starting IndexControllerTest on Lucy with PID 1432 (started by bpuuq in C:\Users\bpuuq\IdeaProjects\online-community)
2021-05-17 21:18:59.293  INFO 1432 --- [    Test worker] o.s.community.web.IndexControllerTest    : No active profile set, falling back to default profiles: default
2021-05-17 21:18:59.844  INFO 1432 --- [    Test worker] .s.d.r.c.RepositoryConfigurationDelegate : Bootstrapping Spring Data repositories in DEFAULT mode.
2021-05-17 21:18:59.921  INFO 1432 --- [    Test worker] .s.d.r.c.RepositoryConfigurationDelegate : Finished Spring Data repository scanning in 76ms. Found 2 repository interfaces.
2021-05-17 21:19:00.227  INFO 1432 --- [    Test worker] trationDelegate$BeanPostProcessorChecker : Bean 'org.springframework.transaction.annotation.ProxyTransactionManagementConfiguration' of type [org.springframework.transaction.annotation.ProxyTransactionManagementConfiguration$$EnhancerBySpringCGLIB$$e2e52d8f] is not eligible for getting processed by all BeanPostProcessors (for example: not eligible for auto-proxying)
2021-05-17 21:19:00.878  INFO 1432 --- [    Test worker] o.s.b.w.embedded.tomcat.TomcatWebServer  : Tomcat initialized with port(s): 0 (http)
2021-05-17 21:19:00.951  INFO 1432 --- [    Test worker] o.apache.catalina.core.StandardService   : Starting service [Tomcat]
2021-05-17 21:19:00.952  INFO 1432 --- [    Test worker] org.apache.catalina.core.StandardEngine  : Starting Servlet engine: [Apache Tomcat/9.0.22]
2021-05-17 21:19:01.382  INFO 1432 --- [    Test worker] o.a.c.c.C.[Tomcat].[localhost].[/]       : Initializing Spring embedded WebApplicationContext
2021-05-17 21:19:01.383  INFO 1432 --- [    Test worker] o.s.web.context.ContextLoader            : Root WebApplicationContext: initialization completed in 2081 ms
2021-05-17 21:19:01.893  INFO 1432 --- [    Test worker] com.zaxxer.hikari.HikariDataSource       : HikariPool-2 - Starting...
2021-05-17 21:19:01.896  INFO 1432 --- [    Test worker] com.zaxxer.hikari.HikariDataSource       : HikariPool-2 - Start completed.
2021-05-17 21:19:02.000  INFO 1432 --- [    Test worker] o.hibernate.jpa.internal.util.LogHelper  : HHH000204: Processing PersistenceUnitInfo [
	name: default
	...]
2021-05-17 21:19:02.040  INFO 1432 --- [    Test worker] org.hibernate.dialect.Dialect            : HHH000400: Using dialect: org.hibernate.dialect.MySQL5InnoDBDialect
Hibernate: drop table if exists posts
Hibernate: drop table if exists user
Hibernate: create table posts (id bigint not null auto_increment, created_date datetime, modified_date datetime, author varchar(255), content TEXT not null, title varchar(500) not null, primary key (id)) engine=InnoDB
Hibernate: create table user (id bigint not null auto_increment, created_date datetime, modified_date datetime, email varchar(255) not null, name varchar(255) not null, picture varchar(255), role varchar(255) not null, primary key (id)) engine=InnoDB
2021-05-17 21:19:02.212  INFO 1432 --- [    Test worker] o.h.t.schema.internal.SchemaCreatorImpl  : HHH000476: Executing import script 'org.hibernate.tool.schema.internal.exec.ScriptSourceInputNonExistentImpl@146eb244'
2021-05-17 21:19:02.212  INFO 1432 --- [    Test worker] j.LocalContainerEntityManagerFactoryBean : Initialized JPA EntityManagerFactory for persistence unit 'default'
2021-05-17 21:19:03.053  INFO 1432 --- [    Test worker] o.h.h.i.QueryTranslatorFactoryInitiator  : HHH000397: Using ASTQueryTranslatorFactory
2021-05-17 21:19:03.503  INFO 1432 --- [    Test worker] o.s.s.web.DefaultSecurityFilterChain     : Creating filter chain: any request, [org.springframework.security.web.context.request.async.WebAsyncManagerIntegrationFilter@f383bcf, org.springframework.security.web.context.SecurityContextPersistenceFilter@76ad3d8d, org.springframework.security.web.header.HeaderWriterFilter@6605cdf0, org.springframework.security.web.authentication.logout.LogoutFilter@4e912c0e, org.springframework.security.oauth2.client.web.OAuth2AuthorizationRequestRedirectFilter@3cff1b0d, org.springframework.security.oauth2.client.web.OAuth2LoginAuthenticationFilter@77bd68b3, org.springframework.security.web.authentication.ui.DefaultLoginPageGeneratingFilter@514f32ff, org.springframework.security.web.authentication.ui.DefaultLogoutPageGeneratingFilter@57501a0, org.springframework.security.web.savedrequest.RequestCacheAwareFilter@241f9ee8, org.springframework.security.web.servletapi.SecurityContextHolderAwareRequestFilter@6c3dadd6, org.springframework.security.web.authentication.AnonymousAuthenticationFilter@41164570, org.springframework.security.web.session.SessionManagementFilter@3f6055e3, org.springframework.security.web.access.ExceptionTranslationFilter@2b4f35ed, org.springframework.security.web.access.intercept.FilterSecurityInterceptor@8204ce4]
2021-05-17 21:19:04.038  INFO 1432 --- [    Test worker] o.s.s.concurrent.ThreadPoolTaskExecutor  : Initializing ExecutorService 'applicationTaskExecutor'
2021-05-17 21:19:04.068  WARN 1432 --- [    Test worker] aWebConfiguration$JpaWebMvcConfiguration : spring.jpa.open-in-view is enabled by default. Therefore, database queries may be performed during view rendering. Explicitly configure spring.jpa.open-in-view to disable this warning
2021-05-17 21:19:04.143  INFO 1432 --- [    Test worker] o.s.b.a.w.s.WelcomePageHandlerMapping    : Adding welcome page template: index
2021-05-17 21:19:04.992  INFO 1432 --- [    Test worker] s.a.ScheduledAnnotationBeanPostProcessor : No TaskScheduler/ScheduledExecutorService bean found for scheduled processing
2021-05-17 21:19:05.043  INFO 1432 --- [    Test worker] o.s.b.w.embedded.tomcat.TomcatWebServer  : Tomcat started on port(s): 65490 (http) with context path ''
2021-05-17 21:19:05.045  INFO 1432 --- [    Test worker] o.s.community.web.IndexControllerTest    : Started IndexControllerTest in 5.855 seconds (JVM running for 28.383)
2021-05-17 21:19:05.276  INFO 1432 --- [o-auto-1-exec-1] o.a.c.c.C.[Tomcat].[localhost].[/]       : Initializing Spring DispatcherServlet 'dispatcherServlet'
2021-05-17 21:19:05.276  INFO 1432 --- [o-auto-1-exec-1] o.s.web.servlet.DispatcherServlet        : Initializing Servlet 'dispatcherServlet'
2021-05-17 21:19:05.351  INFO 1432 --- [o-auto-1-exec-1] o.s.web.servlet.DispatcherServlet        : Completed initialization in 74 ms
Hibernate: select posts0_.id as id1_0_, posts0_.created_date as created_2_0_, posts0_.modified_date as modified3_0_, posts0_.author as author4_0_, posts0_.content as content5_0_, posts0_.title as title6_0_ from posts posts0_ order by posts0_.id DESC
]]></system-out>
  <system-err><![CDATA[]]></system-err>
</testsuite>
